feature/tuner/build/intermediates/manifest_merge_blame_file/debug/processDebugManifest/manifest-merger-blame-debug-report.txt
1<?xml version="1.0" encoding="utf-8"?>
2<manifest xmlns:android="http://schemas.android.com/apk/res/android"
3    package="com.avozdedeus.avozdedeusjpc.tuner" >
4
5    <uses-sdk android:minSdkVersion="30" />
6
7    <uses-permission android:name="android.permission.RECORD_AUDIO" />
7-->src\main\AndroidManifest.xml:2:5-71
7-->src\main\AndroidManifest.xml:2:22-68
8
9    <application>
9-->src\main\AndroidManifest.xml:4:5-9:19
10        <activity
10-->src\main\AndroidManifest.xml:5:9-8:58
11            android:name="com.avozdedeus.avozdedeusjpc.tuner.AfinadorActivity"
11-->src\main\AndroidManifest.xml:6:13-79
12            android:exported="false"
12-->src\main\AndroidManifest.xml:7:13-37
13            android:theme="@style/Theme.AVozDeDeusJPC" />
13-->src\main\AndroidManifest.xml:8:13-55
14    </application>
15
16</manifest>